Console Output

Started by user Otasowie Osifo
Running as SYSTEM
Building in workspace /var/jenkins_home/workspace/java-web-development
The recommended git tool is: NONE
using credential 109f6e6b-24ac-4898-ad59-7f682cae8c8a
 > git rev-parse --resolve-git-dir /var/jenkins_home/workspace/java-web-development/.git # timeout=10
Fetching changes from the remote Git repository
 > git config remote.origin.url https://github.com/OtasowieRotimiOsifo/udacity-courses # timeout=10
Fetching upstream changes from https://github.com/OtasowieRotimiOsifo/udacity-courses
 > git --version # timeout=10
 > git --version # 'git version 2.30.2'
using GIT_SSH to set credentials 
 > git fetch --tags --force --progress -- https://github.com/OtasowieRotimiOsifo/udacity-courses +refs/heads/*:refs/remotes/origin/* # timeout=10
 > git rev-parse refs/remotes/origin/master^{commit} # timeout=10
Checking out Revision 345ada6e463396cdbae24d3311a0ec54c13df2bf (refs/remotes/origin/master)
 > git config core.sparsecheckout # timeout=10
 > git checkout -f 345ada6e463396cdbae24d3311a0ec54c13df2bf # timeout=10
Commit message: "fixed exception UserCartTests"
 > git rev-list --no-walk d9beda5aa2e9e5b7208e50b2eaada79807c98b8c # timeout=10
[java-web-development] $ mvn -f java-web-developer-nd/nd035-c4-Security-and-DevOps-master/starter_code/pom.xml package
[[1;34mINFO[m] Scanning for projects...
[[1;34mINFO[m] 
[[1;34mINFO[m] [1m----------------------< [0;36mcom.example:auth-course[0;1m >-----------------------[m
[[1;34mINFO[m] [1mBuilding auth-course 0.0.1-SNAPSHOT[m
[[1;34mINFO[m] [1m--------------------------------[ war ]---------------------------------[m
[[1;34mINFO[m] 
[[1;34mINFO[m] [1m--- [0;32mmaven-resources-plugin:3.2.0:resources[m [1m(default-resources)[m @ [36mauth-course[0;1m ---[m
[[1;34mINFO[m] Using 'UTF-8' encoding to copy filtered resources.
[[1;34mINFO[m] Using 'UTF-8' encoding to copy filtered properties files.
[[1;34mINFO[m] Copying 1 resource
[[1;34mINFO[m] Copying 7 resources
[[1;34mINFO[m] 
[[1;34mINFO[m] [1m--- [0;32mmaven-compiler-plugin:3.8.1:compile[m [1m(default-compile)[m @ [36mauth-course[0;1m ---[m
[[1;34mINFO[m] Changes detected - recompiling the module!
[[1;34mINFO[m] Compiling 26 source files to /var/jenkins_home/workspace/java-web-development/java-web-developer-nd/nd035-c4-Security-and-DevOps-master/starter_code/target/classes
[[1;34mINFO[m] 
[[1;34mINFO[m] [1m--- [0;32mmaven-resources-plugin:3.2.0:testResources[m [1m(default-testResources)[m @ [36mauth-course[0;1m ---[m
[[1;34mINFO[m] Using 'UTF-8' encoding to copy filtered resources.
[[1;34mINFO[m] Using 'UTF-8' encoding to copy filtered properties files.
[[1;34mINFO[m] Copying 2 resources
[[1;34mINFO[m] 
[[1;34mINFO[m] [1m--- [0;32mmaven-compiler-plugin:3.8.1:testCompile[m [1m(default-testCompile)[m @ [36mauth-course[0;1m ---[m
[[1;34mINFO[m] Changes detected - recompiling the module!
[[1;34mINFO[m] Compiling 11 source files to /var/jenkins_home/workspace/java-web-development/java-web-developer-nd/nd035-c4-Security-and-DevOps-master/starter_code/target/test-classes
[[1;34mINFO[m] 
[[1;34mINFO[m] [1m--- [0;32mmaven-surefire-plugin:2.22.2:test[m [1m(default-test)[m @ [36mauth-course[0;1m ---[m
[[1;34mINFO[m] 
[[1;34mINFO[m] -------------------------------------------------------
[[1;34mINFO[m]  T E S T S
[[1;34mINFO[m] -------------------------------------------------------
[[1;34mINFO[m] Running com.example.demo.controllers.[1mOrderControllerTests[m
SLF4J: Class path contains multiple SLF4J bindings.
SLF4J: Found binding in [jar:file:/var/jenkins_home/.m2/repository/ch/qos/logback/logback-classic/1.2.10/logback-classic-1.2.10.jar!/org/slf4j/impl/StaticLoggerBinder.class]
SLF4J: Found binding in [jar:file:/var/jenkins_home/.m2/repository/org/apache/logging/log4j/log4j-slf4j-impl/2.17.2/log4j-slf4j-impl-2.17.2.jar!/org/slf4j/impl/StaticLoggerBinder.class]
SLF4J: See http://www.slf4j.org/codes.html#multiple_bindings for an explanation.
SLF4J: Actual binding is of type [ch.qos.logback.classic.util.ContextSelectorStaticBinder]
12:34:45.489 [main] DEBUG org.springframework.test.context.BootstrapUtils - Instantiating CacheAwareContextLoaderDelegate from class [org.springframework.test.context.cache.DefaultCacheAwareContextLoaderDelegate]
12:34:45.500 [main] DEBUG org.springframework.test.context.BootstrapUtils - Instantiating BootstrapContext using constructor [public org.springframework.test.context.support.DefaultBootstrapContext(java.lang.Class,org.springframework.test.context.CacheAwareContextLoaderDelegate)]
12:34:45.562 [main] DEBUG org.springframework.test.context.BootstrapUtils - Instantiating TestContextBootstrapper for test class [com.example.demo.controllers.OrderControllerTests] from class [org.springframework.boot.test.context.SpringBootTestContextBootstrapper]
12:34:45.582 [main] INFO org.springframework.boot.test.context.SpringBootTestContextBootstrapper - Neither @ContextConfiguration nor @ContextHierarchy found for test class [com.example.demo.controllers.OrderControllerTests], using SpringBootContextLoader
12:34:45.592 [main] DEBUG org.springframework.test.context.support.AbstractContextLoader - Did not detect default resource location for test class [com.example.demo.controllers.OrderControllerTests]: class path resource [com/example/demo/controllers/OrderControllerTests-context.xml] does not exist
12:34:45.594 [main] DEBUG org.springframework.test.context.support.AbstractContextLoader - Did not detect default resource location for test class [com.example.demo.controllers.OrderControllerTests]: class path resource [com/example/demo/controllers/OrderControllerTestsContext.groovy] does not exist
12:34:45.596 [main] INFO org.springframework.test.context.support.AbstractContextLoader - Could not detect default resource locations for test class [com.example.demo.controllers.OrderControllerTests]: no resource found for suffixes {-context.xml, Context.groovy}.
12:34:45.597 [main] INFO org.springframework.test.context.support.AnnotationConfigContextLoaderUtils - Could not detect default configuration classes for test class [com.example.demo.controllers.OrderControllerTests]: OrderControllerTests does not declare any static, non-private, non-final, nested classes annotated with @Configuration.
12:34:45.669 [main] DEBUG org.springframework.test.context.support.ActiveProfilesUtils - Could not find an 'annotation declaring class' for annotation type [org.springframework.test.context.ActiveProfiles] and class [com.example.demo.controllers.OrderControllerTests]
12:34:45.768 [main] DEBUG org.springframework.context.annotation.ClassPathScanningCandidateComponentProvider - Identified candidate component class: file [/var/jenkins_home/workspace/java-web-development/java-web-developer-nd/nd035-c4-Security-and-DevOps-master/starter_code/target/classes/com/example/demo/SareetaApplication.class]
12:34:45.772 [main] INFO org.springframework.boot.test.context.SpringBootTestContextBootstrapper - Found @SpringBootConfiguration com.example.demo.SareetaApplication for test class com.example.demo.controllers.OrderControllerTests
12:34:45.864 [main] DEBUG org.springframework.boot.test.context.SpringBootTestContextBootstrapper - @TestExecutionListeners is not present for class [com.example.demo.controllers.OrderControllerTests]: using defaults.
12:34:45.866 [main] INFO org.springframework.boot.test.context.SpringBootTestContextBootstrapper - Loaded default TestExecutionListener class names from location [META-INF/spring.factories]: [org.springframework.boot.test.mock.mockito.MockitoTestExecutionListener, org.springframework.boot.test.mock.mockito.ResetMocksTestExecutionListener, org.springframework.boot.test.autoconfigure.restdocs.RestDocsTestExecutionListener, org.springframework.boot.test.autoconfigure.web.client.MockRestServiceServerResetTestExecutionListener, org.springframework.boot.test.autoconfigure.web.servlet.MockMvcPrintOnlyOnFailureTestExecutionListener, org.springframework.boot.test.autoconfigure.web.servlet.WebDriverTestExecutionListener, org.springframework.boot.test.autoconfigure.webservices.client.MockWebServiceServerTestExecutionListener, org.springframework.test.context.web.ServletTestExecutionListener, org.springframework.test.context.support.DirtiesContextBeforeModesTestExecutionListener, org.springframework.test.context.event.ApplicationEventsTestExecutionListener, org.springframework.test.context.support.DependencyInjectionTestExecutionListener, org.springframework.test.context.support.DirtiesContextTestExecutionListener, org.springframework.test.context.transaction.TransactionalTestExecutionListener, org.springframework.test.context.jdbc.SqlScriptsTestExecutionListener, org.springframework.test.context.event.EventPublishingTestExecutionListener, org.springframework.security.test.context.support.WithSecurityContextTestExecutionListener, org.springframework.security.test.context.support.ReactorContextTestExecutionListener]
12:34:45.932 [main] INFO org.springframework.boot.test.context.SpringBootTestContextBootstrapper - Using TestExecutionListeners: [org.springframework.test.context.web.ServletTestExecutionListener@72445aba, org.springframework.test.context.support.DirtiesContextBeforeModesTestExecutionListener@61bcd567, org.springframework.test.context.event.ApplicationEventsTestExecutionListener@1c80e49b, org.springframework.boot.test.mock.mockito.MockitoTestExecutionListener@458342d3, org.springframework.boot.test.autoconfigure.SpringBootDependencyInjectionTestExecutionListener@15c25153, org.springframework.test.context.support.DirtiesContextTestExecutionListener@1252b961, org.springframework.test.context.transaction.TransactionalTestExecutionListener@9ed238c, org.springframework.test.context.jdbc.SqlScriptsTestExecutionListener@56276db8, org.springframework.test.context.event.EventPublishingTestExecutionListener@51e8e6e6, org.springframework.security.test.context.support.WithSecurityContextTestExecutionListener@56f6d40b, org.springframework.security.test.context.support.ReactorContextTestExecutionListener@36676c1a, org.springframework.boot.test.mock.mockito.ResetMocksTestExecutionListener@5b408dc3, org.springframework.boot.test.autoconfigure.restdocs.RestDocsTestExecutionListener@4d098f9b, org.springframework.boot.test.autoconfigure.web.client.MockRestServiceServerResetTestExecutionListener@2dbf4cbd, org.springframework.boot.test.autoconfigure.web.servlet.MockMvcPrintOnlyOnFailureTestExecutionListener@20b5f2ac, org.springframework.boot.test.autoconfigure.web.servlet.WebDriverTestExecutionListener@7fc44dec, org.springframework.boot.test.autoconfigure.webservices.client.MockWebServiceServerTestExecutionListener@7e3060d8]
12:34:45.941 [main] DEBUG org.springframework.test.context.support.AbstractDirtiesContextTestExecutionListener - Before test class: context [DefaultTestContext@69637b10 testClass = OrderControllerTests, testInstance = [null], testMethod = [null], testException = [null], mergedContextConfiguration = [WebMergedContextConfiguration@71984c3 testClass = OrderControllerTests, locations = '{}', classes = '{class com.example.demo.SareetaApplication}', contextInitializerClasses = '[]', activeProfiles = '{}', propertySourceLocations = '{}', propertySourceProperties = '{org.springframework.boot.test.context.SpringBootTestContextBootstrapper=true}', contextCustomizers = set[org.springframework.boot.test.context.filter.ExcludeFilterContextCustomizer@42530531, org.springframework.boot.test.json.DuplicateJsonObjectContextCustomizerFactory$DuplicateJsonObjectContextCustomizer@35645047, org.springframework.boot.test.mock.mockito.MockitoContextCustomizer@0, org.springframework.boot.test.web.client.TestRestTemplateContextCustomizer@39ac0c0a, org.springframework.boot.test.autoconfigure.actuate.metrics.MetricsExportContextCustomizerFactory$DisableMetricExportContextCustomizer@74bf1791, org.springframework.boot.test.autoconfigure.properties.PropertyMappingContextCustomizer@0, org.springframework.boot.test.autoconfigure.web.servlet.WebDriverContextCustomizerFactory$Customizer@51fadaff, org.springframework.boot.test.context.SpringBootTestArgs@1, org.springframework.boot.test.context.SpringBootTestWebEnvironment@32eff876], resourceBasePath = 'src/main/webapp', contextLoader = 'org.springframework.boot.test.context.SpringBootContextLoader', parent = [null]], attributes = map['org.springframework.test.context.web.ServletTestExecutionListener.activateListener' -> true]], class annotated with @DirtiesContext [false] with mode [null].

  .   ____          _            __ _ _
 /\\ / ___'_ __ _ _(_)_ __  __ _ \ \ \ \
( ( )\___ | '_ | '_| | '_ \/ _` | \ \ \ \
 \\/  ___)| |_)| | | | | || (_| |  ) ) ) )
  '  |____| .__|_| |_|_| |_\__, | / / / /
 =========|_|==============|___/=/_/_/_/
 :: Spring Boot ::                (v2.6.3)

2022-04-16 12:34:46.522  INFO 2535 --- [           main] c.e.d.controllers.OrderControllerTests   : Starting OrderControllerTests using Java 11.0.14.1 on fec2d5e02de5 with PID 2535 (started by jenkins in /var/jenkins_home/workspace/java-web-development/java-web-developer-nd/nd035-c4-Security-and-DevOps-master/starter_code)
2022-04-16 12:34:46.524  INFO 2535 --- [           main] c.e.d.controllers.OrderControllerTests   : No active profile set, falling back to default profiles: default
2022-04-16 12:34:47.245  INFO 2535 --- [           main] .s.d.r.c.RepositoryConfigurationDelegate : Bootstrapping Spring Data JPA repositories in DEFAULT mode.
2022-04-16 12:34:47.327  INFO 2535 --- [           main] .s.d.r.c.RepositoryConfigurationDelegate : Finished Spring Data repository scanning in 68 ms. Found 4 JPA repository interfaces.
2022-04-16 12:34:48.696  INFO 2535 --- [           main] com.zaxxer.hikari.HikariDataSource       : HikariPool-1 - Starting...
2022-04-16 12:34:48.946  INFO 2535 --- [           main] com.zaxxer.hikari.HikariDataSource       : HikariPool-1 - Start completed.
2022-04-16 12:34:49.069  INFO 2535 --- [           main] liquibase.database                       : Set default schema name to PUBLIC
2022-04-16 12:34:49.332  INFO 2535 --- [           main] liquibase.lockservice                    : Successfully acquired change log lock
2022-04-16 12:34:49.980  INFO 2535 --- [           main] liquibase.changelog                      : Creating database history table with name: PUBLIC.DATABASECHANGELOG
2022-04-16 12:34:49.987  INFO 2535 --- [           main] liquibase.changelog                      : Reading from PUBLIC.DATABASECHANGELOG
Running Changeset: db/changelog/changelog-master.xml::20220320::Otasowie Osifo
2022-04-16 12:34:50.194  INFO 2535 --- [           main] liquibase.changelog                      : Table item created
2022-04-16 12:34:50.206  INFO 2535 --- [           main] liquibase.changelog                      : Table user_order created
2022-04-16 12:34:50.212  INFO 2535 --- [           main] liquibase.changelog                      : Table cart created
2022-04-16 12:34:50.229  INFO 2535 --- [           main] liquibase.changelog                      : Auto-increment added to item.id
2022-04-16 12:34:50.240  INFO 2535 --- [           main] liquibase.changelog                      : Auto-increment added to user_order.id
2022-04-16 12:34:50.250  INFO 2535 --- [           main] liquibase.changelog                      : Auto-increment added to cart.id
2022-04-16 12:34:50.255  INFO 2535 --- [           main] liquibase.changelog                      : ChangeSet db/changelog/changelog-master.xml::20220320::Otasowie Osifo ran successfully in 73ms
2022-04-16 12:34:50.266  INFO 2535 --- [           main] liquibase.lockservice                    : Successfully released change log lock
2022-04-16 12:34:50.563  INFO 2535 --- [           main] o.hibernate.jpa.internal.util.LogHelper  : HHH000204: Processing PersistenceUnitInfo [name: default]
2022-04-16 12:34:50.631  INFO 2535 --- [           main] org.hibernate.Version                    : HHH000412: Hibernate ORM core version 5.6.4.Final
2022-04-16 12:34:50.850  INFO 2535 --- [           main] o.hibernate.annotations.common.Version   : HCANN000001: Hibernate Commons Annotations {5.1.2.Final}
2022-04-16 12:34:51.091  INFO 2535 --- [           main] org.hibernate.dialect.Dialect            : HHH000400: Using dialect: org.hibernate.dialect.H2Dialect
2022-04-16 12:34:52.188  INFO 2535 --- [           main] o.h.e.t.j.p.i.JtaPlatformInitiator       : HHH000490: Using JtaPlatform implementation: [org.hibernate.engine.transaction.jta.platform.internal.NoJtaPlatform]
2022-04-16 12:34:52.200  INFO 2535 --- [           main] j.LocalContainerEntityManagerFactoryBean : Initialized JPA EntityManagerFactory for persistence unit 'default'
2022-04-16 12:34:52.928  WARN 2535 --- [           main] JpaBaseConfiguration$JpaWebConfiguration : spring.jpa.open-in-view is enabled by default. Therefore, database queries may be performed during view rendering. Explicitly configure spring.jpa.open-in-view to disable this warning
2022-04-16 12:34:54.333  INFO 2535 --- [           main] o.s.s.web.DefaultSecurityFilterChain     : Will secure any request with [org.springframework.security.web.context.request.async.WebAsyncManagerIntegrationFilter@7a7f5c44, org.springframework.security.web.context.SecurityContextPersistenceFilter@4c682826, org.springframework.security.web.header.HeaderWriterFilter@6980fa39, org.springframework.web.filter.CorsFilter@4ab1693b, org.springframework.security.web.authentication.logout.LogoutFilter@3c3a767, com.example.demo.filter.TokenAuthorizationFilter@35e0d91e, com.example.demo.filter.JWTUsernamePasswordAuthenticationFilter@3204146d, org.springframework.security.web.savedrequest.RequestCacheAwareFilter@79e33802, org.springframework.security.web.servletapi.SecurityContextHolderAwareRequestFilter@80081d7, org.springframework.security.web.authentication.AnonymousAuthenticationFilter@3299e315, org.springframework.security.web.session.SessionManagementFilter@3dedc8b8, org.springframework.security.web.access.ExceptionTranslationFilter@62d5617, org.springframework.security.web.access.intercept.FilterSecurityInterceptor@467625e3]
2022-04-16 12:34:54.956  INFO 2535 --- [           main] c.e.d.controllers.OrderControllerTests   : Started OrderControllerTests in 8.949 seconds (JVM running for 11.075)
2022-04-16 12:34:55.604  INFO 2535 --- [           main] c.e.demo.controllers.OrderController     : Order submitted and saved for User with user name: test40
[[1;34mINFO[m] [1;32mTests run: [0;1;32m1[m, Failures: 0, Errors: 0, Skipped: 0, Time elapsed: 10.332 s - in com.example.demo.controllers.[1mOrderControllerTests[m
[[1;34mINFO[m] Running com.example.demo.controllers.[1mCartControllerTests[m
2022-04-16 12:34:55.679  INFO 2535 --- [           main] .b.t.c.SpringBootTestContextBootstrapper : Neither @ContextConfiguration nor @ContextHierarchy found for test class [com.example.demo.controllers.CartControllerTests], using SpringBootContextLoader
2022-04-16 12:34:55.681  INFO 2535 --- [           main] o.s.t.c.support.AbstractContextLoader    : Could not detect default resource locations for test class [com.example.demo.controllers.CartControllerTests]: no resource found for suffixes {-context.xml, Context.groovy}.
2022-04-16 12:34:55.681  INFO 2535 --- [           main] t.c.s.AnnotationConfigContextLoaderUtils : Could not detect default configuration classes for test class [com.example.demo.controllers.CartControllerTests]: CartControllerTests does not declare any static, non-private, non-final, nested classes annotated with @Configuration.
2022-04-16 12:34:55.682  INFO 2535 --- [           main] .b.t.c.SpringBootTestContextBootstrapper : Found @SpringBootConfiguration com.example.demo.SareetaApplication for test class com.example.demo.controllers.CartControllerTests
2022-04-16 12:34:55.685  INFO 2535 --- [           main] .b.t.c.SpringBootTestContextBootstrapper : Loaded default TestExecutionListener class names from location [META-INF/spring.factories]: [org.springframework.boot.test.mock.mockito.MockitoTestExecutionListener, org.springframework.boot.test.mock.mockito.ResetMocksTestExecutionListener, org.springframework.boot.test.autoconfigure.restdocs.RestDocsTestExecutionListener, org.springframework.boot.test.autoconfigure.web.client.MockRestServiceServerResetTestExecutionListener, org.springframework.boot.test.autoconfigure.web.servlet.MockMvcPrintOnlyOnFailureTestExecutionListener, org.springframework.boot.test.autoconfigure.web.servlet.WebDriverTestExecutionListener, org.springframework.boot.test.autoconfigure.webservices.client.MockWebServiceServerTestExecutionListener, org.springframework.test.context.web.ServletTestExecutionListener, org.springframework.test.context.support.DirtiesContextBeforeModesTestExecutionListener, org.springframework.test.context.event.ApplicationEventsTestExecutionListener, org.springframework.test.context.support.DependencyInjectionTestExecutionListener, org.springframework.test.context.support.DirtiesContextTestExecutionListener, org.springframework.test.context.transaction.TransactionalTestExecutionListener, org.springframework.test.context.jdbc.SqlScriptsTestExecutionListener, org.springframework.test.context.event.EventPublishingTestExecutionListener, org.springframework.security.test.context.support.WithSecurityContextTestExecutionListener, org.springframework.security.test.context.support.ReactorContextTestExecutionListener]
2022-04-16 12:34:55.694  INFO 2535 --- [           main] .b.t.c.SpringBootTestContextBootstrapper : Using TestExecutionListeners: [org.springframework.test.context.web.ServletTestExecutionListener@32514766, org.springframework.test.context.support.DirtiesContextBeforeModesTestExecutionListener@720cbb7d, org.springframework.test.context.event.ApplicationEventsTestExecutionListener@43d00636, org.springframework.boot.test.mock.mockito.MockitoTestExecutionListener@3a72160a, org.springframework.boot.test.autoconfigure.SpringBootDependencyInjectionTestExecutionListener@2a01c55, org.springframework.test.context.support.DirtiesContextTestExecutionListener@1560982f, org.springframework.test.context.transaction.TransactionalTestExecutionListener@5642cd03, org.springframework.test.context.jdbc.SqlScriptsTestExecutionListener@7caa5387, org.springframework.test.context.event.EventPublishingTestExecutionListener@7eeabaf3, org.springframework.security.test.context.support.WithSecurityContextTestExecutionListener@6f5ae4e1, org.springframework.security.test.context.support.ReactorContextTestExecutionListener@2fb006dc, org.springframework.boot.test.mock.mockito.ResetMocksTestExecutionListener@1285ec6, org.springframework.boot.test.autoconfigure.restdocs.RestDocsTestExecutionListener@2abe5132, org.springframework.boot.test.autoconfigure.web.client.MockRestServiceServerResetTestExecutionListener@12fbc568, org.springframework.boot.test.autoconfigure.web.servlet.MockMvcPrintOnlyOnFailureTestExecutionListener@3dd2a70d, org.springframework.boot.test.autoconfigure.web.servlet.WebDriverTestExecutionListener@7ecf001f, org.springframework.boot.test.autoconfigure.webservices.client.MockWebServiceServerTestExecutionListener@2620f935]
2022-04-16 12:34:55.805  INFO 2535 --- [           main] c.e.demo.controllers.CartController      : Request with items to add to cart for User with user name: test20
2022-04-16 12:34:55.820  INFO 2535 --- [           main] c.e.demo.controllers.CartController      : Item added to  cart for User with user name: 2.99000
[[1;34mINFO[m] [1;32mTests run: [0;1;32m1[m, Failures: 0, Errors: 0, Skipped: 0, Time elapsed: 0.094 s - in com.example.demo.controllers.[1mCartControllerTests[m
[[1;34mINFO[m] Running com.example.demo.controllers.[1mUserControllerTest[m
2022-04-16 12:34:55.854  INFO 2535 --- [           main] .b.t.c.SpringBootTestContextBootstrapper : Neither @ContextConfiguration nor @ContextHierarchy found for test class [com.example.demo.controllers.UserControllerTest], using SpringBootContextLoader
2022-04-16 12:34:55.855  INFO 2535 --- [           main] o.s.t.c.support.AbstractContextLoader    : Could not detect default resource locations for test class [com.example.demo.controllers.UserControllerTest]: no resource found for suffixes {-context.xml, Context.groovy}.
2022-04-16 12:34:55.856  INFO 2535 --- [           main] t.c.s.AnnotationConfigContextLoaderUtils : Could not detect default configuration classes for test class [com.example.demo.controllers.UserControllerTest]: UserControllerTest does not declare any static, non-private, non-final, nested classes annotated with @Configuration.
2022-04-16 12:34:55.856  INFO 2535 --- [           main] .b.t.c.SpringBootTestContextBootstrapper : Found @SpringBootConfiguration com.example.demo.SareetaApplication for test class com.example.demo.controllers.UserControllerTest
2022-04-16 12:34:55.860  INFO 2535 --- [           main] .b.t.c.SpringBootTestContextBootstrapper : Loaded default TestExecutionListener class names from location [META-INF/spring.factories]: [org.springframework.boot.test.mock.mockito.MockitoTestExecutionListener, org.springframework.boot.test.mock.mockito.ResetMocksTestExecutionListener, org.springframework.boot.test.autoconfigure.restdocs.RestDocsTestExecutionListener, org.springframework.boot.test.autoconfigure.web.client.MockRestServiceServerResetTestExecutionListener, org.springframework.boot.test.autoconfigure.web.servlet.MockMvcPrintOnlyOnFailureTestExecutionListener, org.springframework.boot.test.autoconfigure.web.servlet.WebDriverTestExecutionListener, org.springframework.boot.test.autoconfigure.webservices.client.MockWebServiceServerTestExecutionListener, org.springframework.test.context.web.ServletTestExecutionListener, org.springframework.test.context.support.DirtiesContextBeforeModesTestExecutionListener, org.springframework.test.context.event.ApplicationEventsTestExecutionListener, org.springframework.test.context.support.DependencyInjectionTestExecutionListener, org.springframework.test.context.support.DirtiesContextTestExecutionListener, org.springframework.test.context.transaction.TransactionalTestExecutionListener, org.springframework.test.context.jdbc.SqlScriptsTestExecutionListener, org.springframework.test.context.event.EventPublishingTestExecutionListener, org.springframework.security.test.context.support.WithSecurityContextTestExecutionListener, org.springframework.security.test.context.support.ReactorContextTestExecutionListener]
2022-04-16 12:34:55.867  INFO 2535 --- [           main] .b.t.c.SpringBootTestContextBootstrapper : Using TestExecutionListeners: [org.springframework.test.context.web.ServletTestExecutionListener@3545bfea, org.springframework.test.context.support.DirtiesContextBeforeModesTestExecutionListener@55a8f92d, org.springframework.test.context.event.ApplicationEventsTestExecutionListener@78b3f926, org.springframework.boot.test.mock.mockito.MockitoTestExecutionListener@1ec690bd, org.springframework.boot.test.autoconfigure.SpringBootDependencyInjectionTestExecutionListener@6e4d660, org.springframework.test.context.support.DirtiesContextTestExecutionListener@14972600, org.springframework.test.context.transaction.TransactionalTestExecutionListener@738a977d, org.springframework.test.context.jdbc.SqlScriptsTestExecutionListener@5963a2c9, org.springframework.test.context.event.EventPublishingTestExecutionListener@79143853, org.springframework.security.test.context.support.WithSecurityContextTestExecutionListener@541ea657, org.springframework.security.test.context.support.ReactorContextTestExecutionListener@7308e2d6, org.springframework.boot.test.mock.mockito.ResetMocksTestExecutionListener@37b97394, org.springframework.boot.test.autoconfigure.restdocs.RestDocsTestExecutionListener@6f371390, org.springframework.boot.test.autoconfigure.web.client.MockRestServiceServerResetTestExecutionListener@4eba3c3f, org.springframework.boot.test.autoconfigure.web.servlet.MockMvcPrintOnlyOnFailureTestExecutionListener@7a90796c, org.springframework.boot.test.autoconfigure.web.servlet.WebDriverTestExecutionListener@6c98079, org.springframework.boot.test.autoconfigure.webservices.client.MockWebServiceServerTestExecutionListener@5135b8a3]
2022-04-16 12:34:55.880 ERROR 2535 --- [           main] c.e.demo.controllers.UserController      : User password for User with user name: test1 does not meet requirements
2022-04-16 12:34:55.890  INFO 2535 --- [           main] c.e.demo.controllers.UserController      : User password for User with user name: test1 meets requirements
2022-04-16 12:34:55.894  INFO 2535 --- [           main] c.e.demo.controllers.UserController      : Set user for User with user name: test1
2022-04-16 12:34:56.009  INFO 2535 --- [           main] c.e.demo.controllers.UserController      : User with user name: test1 created and saved
[[1;34mINFO[m] [1;32mTests run: [0;1;32m2[m, Failures: 0, Errors: 0, Skipped: 0, Time elapsed: 0.161 s - in com.example.demo.controllers.[1mUserControllerTest[m
[[1;34mINFO[m] Running com.example.demo.[1mSareetaApplicationTests[m
2022-04-16 12:34:56.027  INFO 2535 --- [           main] .b.t.c.SpringBootTestContextBootstrapper : Neither @ContextConfiguration nor @ContextHierarchy found for test class [com.example.demo.SareetaApplicationTests], using SpringBootContextLoader
2022-04-16 12:34:56.028  INFO 2535 --- [           main] o.s.t.c.support.AbstractContextLoader    : Could not detect default resource locations for test class [com.example.demo.SareetaApplicationTests]: no resource found for suffixes {-context.xml, Context.groovy}.
2022-04-16 12:34:56.029  INFO 2535 --- [           main] t.c.s.AnnotationConfigContextLoaderUtils : Could not detect default configuration classes for test class [com.example.demo.SareetaApplicationTests]: SareetaApplicationTests does not declare any static, non-private, non-final, nested classes annotated with @Configuration.
2022-04-16 12:34:56.031  INFO 2535 --- [           main] .b.t.c.SpringBootTestContextBootstrapper : Found @SpringBootConfiguration com.example.demo.SareetaApplication for test class com.example.demo.SareetaApplicationTests
2022-04-16 12:34:56.040  INFO 2535 --- [           main] .b.t.c.SpringBootTestContextBootstrapper : Loaded default TestExecutionListener class names from location [META-INF/spring.factories]: [org.springframework.boot.test.mock.mockito.MockitoTestExecutionListener, org.springframework.boot.test.mock.mockito.ResetMocksTestExecutionListener, org.springframework.boot.test.autoconfigure.restdocs.RestDocsTestExecutionListener, org.springframework.boot.test.autoconfigure.web.client.MockRestServiceServerResetTestExecutionListener, org.springframework.boot.test.autoconfigure.web.servlet.MockMvcPrintOnlyOnFailureTestExecutionListener, org.springframework.boot.test.autoconfigure.web.servlet.WebDriverTestExecutionListener, org.springframework.boot.test.autoconfigure.webservices.client.MockWebServiceServerTestExecutionListener, org.springframework.test.context.web.ServletTestExecutionListener, org.springframework.test.context.support.DirtiesContextBeforeModesTestExecutionListener, org.springframework.test.context.event.ApplicationEventsTestExecutionListener, org.springframework.test.context.support.DependencyInjectionTestExecutionListener, org.springframework.test.context.support.DirtiesContextTestExecutionListener, org.springframework.test.context.transaction.TransactionalTestExecutionListener, org.springframework.test.context.jdbc.SqlScriptsTestExecutionListener, org.springframework.test.context.event.EventPublishingTestExecutionListener, org.springframework.security.test.context.support.WithSecurityContextTestExecutionListener, org.springframework.security.test.context.support.ReactorContextTestExecutionListener]
2022-04-16 12:34:56.042  INFO 2535 --- [           main] .b.t.c.SpringBootTestContextBootstrapper : Using TestExecutionListeners: [org.springframework.test.context.web.ServletTestExecutionListener@46700301, org.springframework.test.context.support.DirtiesContextBeforeModesTestExecutionListener@17f4276b, org.springframework.test.context.event.ApplicationEventsTestExecutionListener@786125a6, org.springframework.boot.test.mock.mockito.MockitoTestExecutionListener@53e6b541, org.springframework.boot.test.autoconfigure.SpringBootDependencyInjectionTestExecutionListener@1548dc37, org.springframework.test.context.support.DirtiesContextTestExecutionListener@23317e8a, org.springframework.test.context.transaction.TransactionalTestExecutionListener@520c235f, org.springframework.test.context.jdbc.SqlScriptsTestExecutionListener@3426d8e2, org.springframework.test.context.event.EventPublishingTestExecutionListener@675c1335, org.springframework.security.test.context.support.WithSecurityContextTestExecutionListener@4f31e47a, org.springframework.security.test.context.support.ReactorContextTestExecutionListener@7c142018, org.springframework.boot.test.mock.mockito.ResetMocksTestExecutionListener@7ef706b0, org.springframework.boot.test.autoconfigure.restdocs.RestDocsTestExecutionListener@793577e0, org.springframework.boot.test.autoconfigure.web.client.MockRestServiceServerResetTestExecutionListener@39e75e88, org.springframework.boot.test.autoconfigure.web.servlet.MockMvcPrintOnlyOnFailureTestExecutionListener@642ebd4c, org.springframework.boot.test.autoconfigure.web.servlet.WebDriverTestExecutionListener@222af5ff, org.springframework.boot.test.autoconfigure.webservices.client.MockWebServiceServerTestExecutionListener@70721c2d]
[[1;34mINFO[m] [1;32mTests run: [0;1;32m1[m, Failures: 0, Errors: 0, Skipped: 0, Time elapsed: 0.017 s - in com.example.demo.[1mSareetaApplicationTests[m
[[1;34mINFO[m] Running com.example.demo.service.[1mUserDetailsServiceTest[m
2022-04-16 12:34:56.066  INFO 2535 --- [           main] .b.t.c.SpringBootTestContextBootstrapper : Neither @ContextConfiguration nor @ContextHierarchy found for test class [com.example.demo.service.UserDetailsServiceTest], using SpringBootContextLoader
2022-04-16 12:34:56.069  INFO 2535 --- [           main] o.s.t.c.support.AbstractContextLoader    : Could not detect default resource locations for test class [com.example.demo.service.UserDetailsServiceTest]: no resource found for suffixes {-context.xml, Context.groovy}.
2022-04-16 12:34:56.070  INFO 2535 --- [           main] t.c.s.AnnotationConfigContextLoaderUtils : Could not detect default configuration classes for test class [com.example.demo.service.UserDetailsServiceTest]: UserDetailsServiceTest does not declare any static, non-private, non-final, nested classes annotated with @Configuration.
2022-04-16 12:34:56.082  INFO 2535 --- [           main] .b.t.c.SpringBootTestContextBootstrapper : Found @SpringBootConfiguration com.example.demo.SareetaApplication for test class com.example.demo.service.UserDetailsServiceTest
2022-04-16 12:34:56.085  INFO 2535 --- [           main] .b.t.c.SpringBootTestContextBootstrapper : Loaded default TestExecutionListener class names from location [META-INF/spring.factories]: [org.springframework.boot.test.mock.mockito.MockitoTestExecutionListener, org.springframework.boot.test.mock.mockito.ResetMocksTestExecutionListener, org.springframework.boot.test.autoconfigure.restdocs.RestDocsTestExecutionListener, org.springframework.boot.test.autoconfigure.web.client.MockRestServiceServerResetTestExecutionListener, org.springframework.boot.test.autoconfigure.web.servlet.MockMvcPrintOnlyOnFailureTestExecutionListener, org.springframework.boot.test.autoconfigure.web.servlet.WebDriverTestExecutionListener, org.springframework.boot.test.autoconfigure.webservices.client.MockWebServiceServerTestExecutionListener, org.springframework.test.context.web.ServletTestExecutionListener, org.springframework.test.context.support.DirtiesContextBeforeModesTestExecutionListener, org.springframework.test.context.event.ApplicationEventsTestExecutionListener, org.springframework.test.context.support.DependencyInjectionTestExecutionListener, org.springframework.test.context.support.DirtiesContextTestExecutionListener, org.springframework.test.context.transaction.TransactionalTestExecutionListener, org.springframework.test.context.jdbc.SqlScriptsTestExecutionListener, org.springframework.test.context.event.EventPublishingTestExecutionListener, org.springframework.security.test.context.support.WithSecurityContextTestExecutionListener, org.springframework.security.test.context.support.ReactorContextTestExecutionListener]
2022-04-16 12:34:56.089  INFO 2535 --- [           main] .b.t.c.SpringBootTestContextBootstrapper : Using TestExecutionListeners: [org.springframework.test.context.web.ServletTestExecutionListener@656c356c, org.springframework.test.context.support.DirtiesContextBeforeModesTestExecutionListener@3146c61d, org.springframework.test.context.event.ApplicationEventsTestExecutionListener@6321e29b, org.springframework.boot.test.mock.mockito.MockitoTestExecutionListener@12b2fcaf, org.springframework.boot.test.autoconfigure.SpringBootDependencyInjectionTestExecutionListener@16716cc0, org.springframework.test.context.support.DirtiesContextTestExecutionListener@1100363d, org.springframework.test.context.transaction.TransactionalTestExecutionListener@7d593bbc, org.springframework.test.context.jdbc.SqlScriptsTestExecutionListener@788be73c, org.springframework.test.context.event.EventPublishingTestExecutionListener@65018381, org.springframework.security.test.context.support.WithSecurityContextTestExecutionListener@75a0e0c2, org.springframework.security.test.context.support.ReactorContextTestExecutionListener@4190b111, org.springframework.boot.test.mock.mockito.ResetMocksTestExecutionListener@66851c18, org.springframework.boot.test.autoconfigure.restdocs.RestDocsTestExecutionListener@ff186c2, org.springframework.boot.test.autoconfigure.web.client.MockRestServiceServerResetTestExecutionListener@7d25d10e, org.springframework.boot.test.autoconfigure.web.servlet.MockMvcPrintOnlyOnFailureTestExecutionListener@3979ff82, org.springframework.boot.test.autoconfigure.web.servlet.WebDriverTestExecutionListener@77524169, org.springframework.boot.test.autoconfigure.webservices.client.MockWebServiceServerTestExecutionListener@74161ed7]
2022-04-16 12:34:56.171  INFO 2535 --- [           main] c.e.demo.service.UserDetailsServiceImpl  : User with user name: test7 found in the database
[[1;34mINFO[m] [1;32mTests run: [0;1;32m1[m, Failures: 0, Errors: 0, Skipped: 0, Time elapsed: 0.163 s - in com.example.demo.service.[1mUserDetailsServiceTest[m
[[1;34mINFO[m] Running com.example.demo.service.[1mJWTServiceTest[m
[[1;34mINFO[m] [1;32mTests run: [0;1;32m3[m, Failures: 0, Errors: 0, Skipped: 0, Time elapsed: 0.097 s - in com.example.demo.service.[1mJWTServiceTest[m
[[1;34mINFO[m] Running com.example.demo.service.[1mUserServiceTests[m
[[1;34mINFO[m] [1;32mTests run: [0;1;32m2[m, Failures: 0, Errors: 0, Skipped: 0, Time elapsed: 0.509 s - in com.example.demo.service.[1mUserServiceTests[m
[[1;34mINFO[m] Running com.example.demo.model.[1mUserCartTests[m
2022-04-16 12:34:56.869  INFO 2535 --- [           main] b.t.a.o.j.DataJpaTestContextBootstrapper : Neither @ContextConfiguration nor @ContextHierarchy found for test class [com.example.demo.model.UserCartTests], using SpringBootContextLoader
2022-04-16 12:34:56.873  INFO 2535 --- [           main] o.s.t.c.support.AbstractContextLoader    : Could not detect default resource locations for test class [com.example.demo.model.UserCartTests]: no resource found for suffixes {-context.xml, Context.groovy}.
2022-04-16 12:34:56.876  INFO 2535 --- [           main] t.c.s.AnnotationConfigContextLoaderUtils : Could not detect default configuration classes for test class [com.example.demo.model.UserCartTests]: UserCartTests does not declare any static, non-private, non-final, nested classes annotated with @Configuration.
2022-04-16 12:34:56.925  INFO 2535 --- [           main] .b.t.c.SpringBootTestContextBootstrapper : Found @SpringBootConfiguration com.example.demo.SareetaApplication for test class com.example.demo.model.UserCartTests
2022-04-16 12:34:56.928  INFO 2535 --- [           main] b.t.a.o.j.DataJpaTestContextBootstrapper : Loaded default TestExecutionListener class names from location [META-INF/spring.factories]: [org.springframework.boot.test.mock.mockito.MockitoTestExecutionListener, org.springframework.boot.test.mock.mockito.ResetMocksTestExecutionListener, org.springframework.boot.test.autoconfigure.restdocs.RestDocsTestExecutionListener, org.springframework.boot.test.autoconfigure.web.client.MockRestServiceServerResetTestExecutionListener, org.springframework.boot.test.autoconfigure.web.servlet.MockMvcPrintOnlyOnFailureTestExecutionListener, org.springframework.boot.test.autoconfigure.web.servlet.WebDriverTestExecutionListener, org.springframework.boot.test.autoconfigure.webservices.client.MockWebServiceServerTestExecutionListener, org.springframework.test.context.web.ServletTestExecutionListener, org.springframework.test.context.support.DirtiesContextBeforeModesTestExecutionListener, org.springframework.test.context.event.ApplicationEventsTestExecutionListener, org.springframework.test.context.support.DependencyInjectionTestExecutionListener, org.springframework.test.context.support.DirtiesContextTestExecutionListener, org.springframework.test.context.transaction.TransactionalTestExecutionListener, org.springframework.test.context.jdbc.SqlScriptsTestExecutionListener, org.springframework.test.context.event.EventPublishingTestExecutionListener, org.springframework.security.test.context.support.WithSecurityContextTestExecutionListener, org.springframework.security.test.context.support.ReactorContextTestExecutionListener]
2022-04-16 12:34:56.932  INFO 2535 --- [           main] b.t.a.o.j.DataJpaTestContextBootstrapper : Using TestExecutionListeners: [org.springframework.test.context.web.ServletTestExecutionListener@255eadf5, org.springframework.test.context.support.DirtiesContextBeforeModesTestExecutionListener@13ebbdab, org.springframework.test.context.event.ApplicationEventsTestExecutionListener@74af4b0, org.springframework.boot.test.mock.mockito.MockitoTestExecutionListener@5b1295c0, org.springframework.boot.test.autoconfigure.SpringBootDependencyInjectionTestExecutionListener@bf3aa52, org.springframework.test.context.support.DirtiesContextTestExecutionListener@45bb5862, org.springframework.test.context.transaction.TransactionalTestExecutionListener@1504db11, org.springframework.test.context.jdbc.SqlScriptsTestExecutionListener@5a77e0e4, org.springframework.test.context.event.EventPublishingTestExecutionListener@4cc070c2, org.springframework.security.test.context.support.WithSecurityContextTestExecutionListener@53a74970, org.springframework.security.test.context.support.ReactorContextTestExecutionListener@60c8cc46, org.springframework.boot.test.mock.mockito.ResetMocksTestExecutionListener@55d607b, org.springframework.boot.test.autoconfigure.restdocs.RestDocsTestExecutionListener@4a544672, org.springframework.boot.test.autoconfigure.web.client.MockRestServiceServerResetTestExecutionListener@23d16a81, org.springframework.boot.test.autoconfigure.web.servlet.MockMvcPrintOnlyOnFailureTestExecutionListener@5dd3841, org.springframework.boot.test.autoconfigure.web.servlet.WebDriverTestExecutionListener@6b6dce39, org.springframework.boot.test.autoconfigure.webservices.client.MockWebServiceServerTestExecutionListener@3e272f0]

  .   ____          _            __ _ _
 /\\ / ___'_ __ _ _(_)_ __  __ _ \ \ \ \
( ( )\___ | '_ | '_| | '_ \/ _` | \ \ \ \
 \\/  ___)| |_)| | | | | || (_| |  ) ) ) )
  '  |____| .__|_| |_|_| |_\__, | / / / /
 =========|_|==============|___/=/_/_/_/
 :: Spring Boot ::                (v2.6.3)

2022-04-16 12:34:57.017  INFO 2535 --- [           main] com.example.demo.model.UserCartTests     : Starting UserCartTests using Java 11.0.14.1 on fec2d5e02de5 with PID 2535 (started by jenkins in /var/jenkins_home/workspace/java-web-development/java-web-developer-nd/nd035-c4-Security-and-DevOps-master/starter_code)
2022-04-16 12:34:57.020  INFO 2535 --- [           main] com.example.demo.model.UserCartTests     : No active profile set, falling back to default profiles: default
2022-04-16 12:34:57.227  INFO 2535 --- [           main] .s.d.r.c.RepositoryConfigurationDelegate : Bootstrapping Spring Data JPA repositories in DEFAULT mode.
2022-04-16 12:34:57.241  INFO 2535 --- [           main] .s.d.r.c.RepositoryConfigurationDelegate : Finished Spring Data repository scanning in 11 ms. Found 4 JPA repository interfaces.
2022-04-16 12:34:57.278  INFO 2535 --- [           main] beddedDataSourceBeanFactoryPostProcessor : Replacing 'dataSource' DataSource bean with embedded version
2022-04-16 12:34:57.334  INFO 2535 --- [           main] o.s.j.d.e.EmbeddedDatabaseFactory        : Starting embedded database: url='jdbc:h2:mem:580255f7-2dba-47ce-ae01-c7fa49c97cf0;DB_CLOSE_DELAY=-1;DB_CLOSE_ON_EXIT=false', username='sa'
2022-04-16 12:34:57.351  INFO 2535 --- [           main] liquibase.database                       : Set default schema name to PUBLIC
2022-04-16 12:34:57.362  INFO 2535 --- [           main] liquibase.lockservice                    : Successfully acquired change log lock
2022-04-16 12:34:57.410  INFO 2535 --- [           main] liquibase.changelog                      : Creating database history table with name: PUBLIC.DATABASECHANGELOG
2022-04-16 12:34:57.416  INFO 2535 --- [           main] liquibase.changelog                      : Reading from PUBLIC.DATABASECHANGELOG
Running Changeset: db/changelog/changelog-master.xml::20220320::Otasowie Osifo
2022-04-16 12:34:57.443  INFO 2535 --- [           main] liquibase.changelog                      : Table item created
2022-04-16 12:34:57.447  INFO 2535 --- [           main] liquibase.changelog                      : Table user_order created
2022-04-16 12:34:57.451  INFO 2535 --- [           main] liquibase.changelog                      : Table cart created
2022-04-16 12:34:57.460  INFO 2535 --- [           main] liquibase.changelog                      : Auto-increment added to item.id
2022-04-16 12:34:57.468  INFO 2535 --- [           main] liquibase.changelog                      : Auto-increment added to user_order.id
2022-04-16 12:34:57.470  INFO 2535 --- [           main] liquibase.changelog                      : Auto-increment added to cart.id
2022-04-16 12:34:57.477  INFO 2535 --- [           main] liquibase.changelog                      : ChangeSet db/changelog/changelog-master.xml::20220320::Otasowie Osifo ran successfully in 36ms
2022-04-16 12:34:57.479  INFO 2535 --- [           main] liquibase.lockservice                    : Successfully released change log lock
2022-04-16 12:34:57.534  INFO 2535 --- [           main] o.hibernate.jpa.internal.util.LogHelper  : HHH000204: Processing PersistenceUnitInfo [name: default]
2022-04-16 12:34:57.541  INFO 2535 --- [           main] org.hibernate.dialect.Dialect            : HHH000400: Using dialect: org.hibernate.dialect.H2Dialect
Hibernate: create table cart_items (cart_id bigint not null, items_id bigint not null)
Hibernate: create table user (id bigint generated by default as identity, password varchar(255) not null, username varchar(255) not null, cart_id bigint, primary key (id))
Hibernate: create table user_order_items (user_order_id bigint not null, items_id bigint not null)
Hibernate: alter table user drop constraint if exists UK_sb8bbouer5wak8vyiiy4pf2bx
Hibernate: alter table user add constraint UK_sb8bbouer5wak8vyiiy4pf2bx unique (username)
Hibernate: alter table cart_items add constraint FKbgmrxyvqs3kxt1im75fde3psy foreign key (items_id) references item
Hibernate: alter table cart_items add constraint FK99e0am9jpriwxcm6is7xfedy3 foreign key (cart_id) references cart
Hibernate: alter table user add constraint FKtqa69bib34k2c0jhe7afqsao6 foreign key (cart_id) references cart
Hibernate: alter table user_order add constraint FKj86u1x7csa8yd68ql2y1ibrou foreign key (user_id) references user
Hibernate: alter table user_order_items add constraint FKghpu6f1jrpho0deyeltq47u2u foreign key (items_id) references item
Hibernate: alter table user_order_items add constraint FKt6k533isn84ef898d6sln1xna foreign key (user_order_id) references user_order
2022-04-16 12:34:57.685  INFO 2535 --- [           main] o.h.e.t.j.p.i.JtaPlatformInitiator       : HHH000490: Using JtaPlatform implementation: [org.hibernate.engine.transaction.jta.platform.internal.NoJtaPlatform]
2022-04-16 12:34:57.686  INFO 2535 --- [           main] j.LocalContainerEntityManagerFactoryBean : Initialized JPA EntityManagerFactory for persistence unit 'default'
2022-04-16 12:34:57.910  INFO 2535 --- [           main] com.example.demo.model.UserCartTests     : Started UserCartTests in 0.975 seconds (JVM running for 14.029)
2022-04-16 12:34:57.921  INFO 2535 --- [           main] o.s.t.c.transaction.TransactionContext   : Began transaction (1) for test context [DefaultTestContext@120bb5b5 testClass = UserCartTests, testInstance = com.example.demo.model.UserCartTests@2f59ecf, testMethod = whenValidUser_SavedCartIsReturned@UserCartTests, testException = [null], mergedContextConfiguration = [MergedContextConfiguration@7798de95 testClass = UserCartTests, locations = '{}', classes = '{class com.example.demo.SareetaApplication}', contextInitializerClasses = '[]', activeProfiles = '{}', propertySourceLocations = '{}', propertySourceProperties = '{org.springframework.boot.test.autoconfigure.orm.jpa.DataJpaTestContextBootstrapper=true}', contextCustomizers = set[[ImportsContextCustomizer@18563d10 key = [org.springframework.boot.autoconfigure.cache.CacheAutoConfiguration, org.springframework.boot.autoconfigure.data.jpa.JpaRepositoriesAutoConfiguration, org.springframework.boot.autoconfigure.flyway.FlywayAutoConfiguration, org.springframework.boot.autoconfigure.jdbc.DataSourceAutoConfiguration, org.springframework.boot.autoconfigure.jdbc.DataSourceTransactionManagerAutoConfiguration, org.springframework.boot.autoconfigure.jdbc.JdbcTemplateAutoConfiguration, org.springframework.boot.autoconfigure.liquibase.LiquibaseAutoConfiguration, org.springframework.boot.autoconfigure.orm.jpa.HibernateJpaAutoConfiguration, org.springframework.boot.autoconfigure.sql.init.SqlInitializationAutoConfiguration, org.springframework.boot.autoconfigure.transaction.TransactionAutoConfiguration, org.springframework.boot.test.autoconfigure.jdbc.TestDatabaseAutoConfiguration, org.springframework.boot.test.autoconfigure.orm.jpa.TestEntityManagerAutoConfiguration]], org.springframework.boot.test.context.filter.ExcludeFilterContextCustomizer@42530531, org.springframework.boot.test.json.DuplicateJsonObjectContextCustomizerFactory$DuplicateJsonObjectContextCustomizer@35645047, org.springframework.boot.test.mock.mockito.MockitoContextCustomizer@0, org.springframework.boot.test.autoconfigure.OverrideAutoConfigurationContextCustomizerFactory$DisableAutoConfigurationContextCustomizer@41ebae0e, org.springframework.boot.test.autoconfigure.actuate.metrics.MetricsExportContextCustomizerFactory$DisableMetricExportContextCustomizer@74bf1791, org.springframework.boot.test.autoconfigure.filter.TypeExcludeFiltersContextCustomizer@351584c0, org.springframework.boot.test.autoconfigure.properties.PropertyMappingContextCustomizer@aa692a3f, org.springframework.boot.test.autoconfigure.web.servlet.WebDriverContextCustomizerFactory$Customizer@51fadaff, org.springframework.boot.test.context.SpringBootTestArgs@1, org.springframework.boot.test.context.SpringBootTestWebEnvironment@0], contextLoader = 'org.springframework.boot.test.context.SpringBootContextLoader', parent = [null]], attributes = map['org.springframework.test.context.event.ApplicationEventsTestExecutionListener.recordApplicationEvents' -> false]]; transaction manager [org.springframework.orm.jpa.JpaTransactionManager@676b85f3]; rollback [true]
Hibernate: insert into cart (id, total) values (null, ?)
Hibernate: insert into user (id, cart_id, password, username) values (null, ?, ?, ?)
Hibernate: select cart0_.id as id1_0_, cart0_.total as total2_0_ from cart cart0_ left outer join user user1_ on cart0_.id=user1_.cart_id where user1_.id=?
2022-04-16 12:34:58.068  INFO 2535 --- [           main] o.s.t.c.transaction.TransactionContext   : Rolled back transaction for test: [DefaultTestContext@120bb5b5 testClass = UserCartTests, testInstance = com.example.demo.model.UserCartTests@2f59ecf, testMethod = whenValidUser_SavedCartIsReturned@UserCartTests, testException = [null], mergedContextConfiguration = [MergedContextConfiguration@7798de95 testClass = UserCartTests, locations = '{}', classes = '{class com.example.demo.SareetaApplication}', contextInitializerClasses = '[]', activeProfiles = '{}', propertySourceLocations = '{}', propertySourceProperties = '{org.springframework.boot.test.autoconfigure.orm.jpa.DataJpaTestContextBootstrapper=true}', contextCustomizers = set[[ImportsContextCustomizer@18563d10 key = [org.springframework.boot.autoconfigure.cache.CacheAutoConfiguration, org.springframework.boot.autoconfigure.data.jpa.JpaRepositoriesAutoConfiguration, org.springframework.boot.autoconfigure.flyway.FlywayAutoConfiguration, org.springframework.boot.autoconfigure.jdbc.DataSourceAutoConfiguration, org.springframework.boot.autoconfigure.jdbc.DataSourceTransactionManagerAutoConfiguration, org.springframework.boot.autoconfigure.jdbc.JdbcTemplateAutoConfiguration, org.springframework.boot.autoconfigure.liquibase.LiquibaseAutoConfiguration, org.springframework.boot.autoconfigure.orm.jpa.HibernateJpaAutoConfiguration, org.springframework.boot.autoconfigure.sql.init.SqlInitializationAutoConfiguration, org.springframework.boot.autoconfigure.transaction.TransactionAutoConfiguration, org.springframework.boot.test.autoconfigure.jdbc.TestDatabaseAutoConfiguration, org.springframework.boot.test.autoconfigure.orm.jpa.TestEntityManagerAutoConfiguration]], org.springframework.boot.test.context.filter.ExcludeFilterContextCustomizer@42530531, org.springframework.boot.test.json.DuplicateJsonObjectContextCustomizerFactory$DuplicateJsonObjectContextCustomizer@35645047, org.springframework.boot.test.mock.mockito.MockitoContextCustomizer@0, org.springframework.boot.test.autoconfigure.OverrideAutoConfigurationContextCustomizerFactory$DisableAutoConfigurationContextCustomizer@41ebae0e, org.springframework.boot.test.autoconfigure.actuate.metrics.MetricsExportContextCustomizerFactory$DisableMetricExportContextCustomizer@74bf1791, org.springframework.boot.test.autoconfigure.filter.TypeExcludeFiltersContextCustomizer@351584c0, org.springframework.boot.test.autoconfigure.properties.PropertyMappingContextCustomizer@aa692a3f, org.springframework.boot.test.autoconfigure.web.servlet.WebDriverContextCustomizerFactory$Customizer@51fadaff, org.springframework.boot.test.context.SpringBootTestArgs@1, org.springframework.boot.test.context.SpringBootTestWebEnvironment@0], contextLoader = 'org.springframework.boot.test.context.SpringBootContextLoader', parent = [null]], attributes = map['org.springframework.test.context.event.ApplicationEventsTestExecutionListener.recordApplicationEvents' -> false]]
[[1;34mINFO[m] [1;32mTests run: [0;1;32m1[m, Failures: 0, Errors: 0, Skipped: 0, Time elapsed: 1.208 s - in com.example.demo.model.[1mUserCartTests[m
[[1;34mINFO[m] Running com.example.demo.model.[1mUserOrderTests[m
2022-04-16 12:34:58.092  INFO 2535 --- [           main] b.t.a.o.j.DataJpaTestContextBootstrapper : Neither @ContextConfiguration nor @ContextHierarchy found for test class [com.example.demo.model.UserOrderTests], using SpringBootContextLoader
2022-04-16 12:34:58.096  INFO 2535 --- [           main] o.s.t.c.support.AbstractContextLoader    : Could not detect default resource locations for test class [com.example.demo.model.UserOrderTests]: no resource found for suffixes {-context.xml, Context.groovy}.
2022-04-16 12:34:58.097  INFO 2535 --- [           main] t.c.s.AnnotationConfigContextLoaderUtils : Could not detect default configuration classes for test class [com.example.demo.model.UserOrderTests]: UserOrderTests does not declare any static, non-private, non-final, nested classes annotated with @Configuration.
2022-04-16 12:34:58.106  INFO 2535 --- [           main] .b.t.c.SpringBootTestContextBootstrapper : Found @SpringBootConfiguration com.example.demo.SareetaApplication for test class com.example.demo.model.UserOrderTests
2022-04-16 12:34:58.107  INFO 2535 --- [           main] b.t.a.o.j.DataJpaTestContextBootstrapper : Loaded default TestExecutionListener class names from location [META-INF/spring.factories]: [org.springframework.boot.test.mock.mockito.MockitoTestExecutionListener, org.springframework.boot.test.mock.mockito.ResetMocksTestExecutionListener, org.springframework.boot.test.autoconfigure.restdocs.RestDocsTestExecutionListener, org.springframework.boot.test.autoconfigure.web.client.MockRestServiceServerResetTestExecutionListener, org.springframework.boot.test.autoconfigure.web.servlet.MockMvcPrintOnlyOnFailureTestExecutionListener, org.springframework.boot.test.autoconfigure.web.servlet.WebDriverTestExecutionListener, org.springframework.boot.test.autoconfigure.webservices.client.MockWebServiceServerTestExecutionListener, org.springframework.test.context.web.ServletTestExecutionListener, org.springframework.test.context.support.DirtiesContextBeforeModesTestExecutionListener, org.springframework.test.context.event.ApplicationEventsTestExecutionListener, org.springframework.test.context.support.DependencyInjectionTestExecutionListener, org.springframework.test.context.support.DirtiesContextTestExecutionListener, org.springframework.test.context.transaction.TransactionalTestExecutionListener, org.springframework.test.context.jdbc.SqlScriptsTestExecutionListener, org.springframework.test.context.event.EventPublishingTestExecutionListener, org.springframework.security.test.context.support.WithSecurityContextTestExecutionListener, org.springframework.security.test.context.support.ReactorContextTestExecutionListener]
2022-04-16 12:34:58.110  INFO 2535 --- [           main] b.t.a.o.j.DataJpaTestContextBootstrapper : Using TestExecutionListeners: [org.springframework.test.context.web.ServletTestExecutionListener@2a0154f7, org.springframework.test.context.support.DirtiesContextBeforeModesTestExecutionListener@237e61ac, org.springframework.test.context.event.ApplicationEventsTestExecutionListener@19abe8f7, org.springframework.boot.test.mock.mockito.MockitoTestExecutionListener@6f36c42, org.springframework.boot.test.autoconfigure.SpringBootDependencyInjectionTestExecutionListener@26753687, org.springframework.test.context.support.DirtiesContextTestExecutionListener@765650e4, org.springframework.test.context.transaction.TransactionalTestExecutionListener@307cf289, org.springframework.test.context.jdbc.SqlScriptsTestExecutionListener@2df019b8, org.springframework.test.context.event.EventPublishingTestExecutionListener@223ed38f, org.springframework.security.test.context.support.WithSecurityContextTestExecutionListener@66ab765c, org.springframework.security.test.context.support.ReactorContextTestExecutionListener@319428ba, org.springframework.boot.test.mock.mockito.ResetMocksTestExecutionListener@1c04dae9, org.springframework.boot.test.autoconfigure.restdocs.RestDocsTestExecutionListener@4872d04d, org.springframework.boot.test.autoconfigure.web.client.MockRestServiceServerResetTestExecutionListener@75564689, org.springframework.boot.test.autoconfigure.web.servlet.MockMvcPrintOnlyOnFailureTestExecutionListener@65977161, org.springframework.boot.test.autoconfigure.web.servlet.WebDriverTestExecutionListener@5f7e2ca8, org.springframework.boot.test.autoconfigure.webservices.client.MockWebServiceServerTestExecutionListener@1d07fb2]
2022-04-16 12:34:58.120  INFO 2535 --- [           main] o.s.t.c.transaction.TransactionContext   : Began transaction (1) for test context [DefaultTestContext@5a2e4e77 testClass = UserOrderTests, testInstance = com.example.demo.model.UserOrderTests@794c22cd, testMethod = whenValidUserWitheItemsInCart_OrderIsSavedFromCart@UserOrderTests, testException = [null], mergedContextConfiguration = [MergedContextConfiguration@5fb8ad3d testClass = UserOrderTests, locations = '{}', classes = '{class com.example.demo.SareetaApplication}', contextInitializerClasses = '[]', activeProfiles = '{}', propertySourceLocations = '{}', propertySourceProperties = '{org.springframework.boot.test.autoconfigure.orm.jpa.DataJpaTestContextBootstrapper=true}', contextCustomizers = set[[ImportsContextCustomizer@5bb0122 key = [org.springframework.boot.autoconfigure.cache.CacheAutoConfiguration, org.springframework.boot.autoconfigure.data.jpa.JpaRepositoriesAutoConfiguration, org.springframework.boot.autoconfigure.flyway.FlywayAutoConfiguration, org.springframework.boot.autoconfigure.jdbc.DataSourceAutoConfiguration, org.springframework.boot.autoconfigure.jdbc.DataSourceTransactionManagerAutoConfiguration, org.springframework.boot.autoconfigure.jdbc.JdbcTemplateAutoConfiguration, org.springframework.boot.autoconfigure.liquibase.LiquibaseAutoConfiguration, org.springframework.boot.autoconfigure.orm.jpa.HibernateJpaAutoConfiguration, org.springframework.boot.autoconfigure.sql.init.SqlInitializationAutoConfiguration, org.springframework.boot.autoconfigure.transaction.TransactionAutoConfiguration, org.springframework.boot.test.autoconfigure.jdbc.TestDatabaseAutoConfiguration, org.springframework.boot.test.autoconfigure.orm.jpa.TestEntityManagerAutoConfiguration]], org.springframework.boot.test.context.filter.ExcludeFilterContextCustomizer@42530531, org.springframework.boot.test.json.DuplicateJsonObjectContextCustomizerFactory$DuplicateJsonObjectContextCustomizer@35645047, org.springframework.boot.test.mock.mockito.MockitoContextCustomizer@0, org.springframework.boot.test.autoconfigure.OverrideAutoConfigurationContextCustomizerFactory$DisableAutoConfigurationContextCustomizer@41ebae0e, org.springframework.boot.test.autoconfigure.actuate.metrics.MetricsExportContextCustomizerFactory$DisableMetricExportContextCustomizer@74bf1791, org.springframework.boot.test.autoconfigure.filter.TypeExcludeFiltersContextCustomizer@351584c0, org.springframework.boot.test.autoconfigure.properties.PropertyMappingContextCustomizer@aa692a3f, org.springframework.boot.test.autoconfigure.web.servlet.WebDriverContextCustomizerFactory$Customizer@51fadaff, org.springframework.boot.test.context.SpringBootTestArgs@1, org.springframework.boot.test.context.SpringBootTestWebEnvironment@0], contextLoader = 'org.springframework.boot.test.context.SpringBootContextLoader', parent = [null]], attributes = map['org.springframework.test.context.event.ApplicationEventsTestExecutionListener.recordApplicationEvents' -> false]]; transaction manager [org.springframework.orm.jpa.JpaTransactionManager@676b85f3]; rollback [true]
Hibernate: insert into cart (id, total) values (null, ?)
Hibernate: insert into user (id, cart_id, password, username) values (null, ?, ?, ?)
Hibernate: insert into user_order (id, total, user_id) values (null, ?, ?)
Hibernate: insert into item (id, description, name, price) values (null, ?, ?, ?)
Hibernate: select userorder0_.id as id1_4_, userorder0_.total as total2_4_, userorder0_.user_id as user_id3_4_ from user_order userorder0_ where userorder0_.user_id=?
2022-04-16 12:34:58.247  INFO 2535 --- [           main] o.s.t.c.transaction.TransactionContext   : Rolled back transaction for test: [DefaultTestContext@5a2e4e77 testClass = UserOrderTests, testInstance = com.example.demo.model.UserOrderTests@794c22cd, testMethod = whenValidUserWitheItemsInCart_OrderIsSavedFromCart@UserOrderTests, testException = [null], mergedContextConfiguration = [MergedContextConfiguration@5fb8ad3d testClass = UserOrderTests, locations = '{}', classes = '{class com.example.demo.SareetaApplication}', contextInitializerClasses = '[]', activeProfiles = '{}', propertySourceLocations = '{}', propertySourceProperties = '{org.springframework.boot.test.autoconfigure.orm.jpa.DataJpaTestContextBootstrapper=true}', contextCustomizers = set[[ImportsContextCustomizer@5bb0122 key = [org.springframework.boot.autoconfigure.cache.CacheAutoConfiguration, org.springframework.boot.autoconfigure.data.jpa.JpaRepositoriesAutoConfiguration, org.springframework.boot.autoconfigure.flyway.FlywayAutoConfiguration, org.springframework.boot.autoconfigure.jdbc.DataSourceAutoConfiguration, org.springframework.boot.autoconfigure.jdbc.DataSourceTransactionManagerAutoConfiguration, org.springframework.boot.autoconfigure.jdbc.JdbcTemplateAutoConfiguration, org.springframework.boot.autoconfigure.liquibase.LiquibaseAutoConfiguration, org.springframework.boot.autoconfigure.orm.jpa.HibernateJpaAutoConfiguration, org.springframework.boot.autoconfigure.sql.init.SqlInitializationAutoConfiguration, org.springframework.boot.autoconfigure.transaction.TransactionAutoConfiguration, org.springframework.boot.test.autoconfigure.jdbc.TestDatabaseAutoConfiguration, org.springframework.boot.test.autoconfigure.orm.jpa.TestEntityManagerAutoConfiguration]], org.springframework.boot.test.context.filter.ExcludeFilterContextCustomizer@42530531, org.springframework.boot.test.json.DuplicateJsonObjectContextCustomizerFactory$DuplicateJsonObjectContextCustomizer@35645047, org.springframework.boot.test.mock.mockito.MockitoContextCustomizer@0, org.springframework.boot.test.autoconfigure.OverrideAutoConfigurationContextCustomizerFactory$DisableAutoConfigurationContextCustomizer@41ebae0e, org.springframework.boot.test.autoconfigure.actuate.metrics.MetricsExportContextCustomizerFactory$DisableMetricExportContextCustomizer@74bf1791, org.springframework.boot.test.autoconfigure.filter.TypeExcludeFiltersContextCustomizer@351584c0, org.springframework.boot.test.autoconfigure.properties.PropertyMappingContextCustomizer@aa692a3f, org.springframework.boot.test.autoconfigure.web.servlet.WebDriverContextCustomizerFactory$Customizer@51fadaff, org.springframework.boot.test.context.SpringBootTestArgs@1, org.springframework.boot.test.context.SpringBootTestWebEnvironment@0], contextLoader = 'org.springframework.boot.test.context.SpringBootContextLoader', parent = [null]], attributes = map['org.springframework.test.context.event.ApplicationEventsTestExecutionListener.recordApplicationEvents' -> false]]
[[1;34mINFO[m] [1;32mTests run: [0;1;32m1[m, Failures: 0, Errors: 0, Skipped: 0, Time elapsed: 0.154 s - in com.example.demo.model.[1mUserOrderTests[m
[[1;34mINFO[m] Running com.example.demo.model.[1mUserTests[m
2022-04-16 12:34:58.257  INFO 2535 --- [           main] b.t.a.o.j.DataJpaTestContextBootstrapper : Neither @ContextConfiguration nor @ContextHierarchy found for test class [com.example.demo.model.UserTests], using SpringBootContextLoader
2022-04-16 12:34:58.263  INFO 2535 --- [           main] o.s.t.c.support.AbstractContextLoader    : Could not detect default resource locations for test class [com.example.demo.model.UserTests]: no resource found for suffixes {-context.xml, Context.groovy}.
2022-04-16 12:34:58.264  INFO 2535 --- [           main] t.c.s.AnnotationConfigContextLoaderUtils : Could not detect default configuration classes for test class [com.example.demo.model.UserTests]: UserTests does not declare any static, non-private, non-final, nested classes annotated with @Configuration.
2022-04-16 12:34:58.265  INFO 2535 --- [           main] .b.t.c.SpringBootTestContextBootstrapper : Found @SpringBootConfiguration com.example.demo.SareetaApplication for test class com.example.demo.model.UserTests
2022-04-16 12:34:58.269  INFO 2535 --- [           main] b.t.a.o.j.DataJpaTestContextBootstrapper : Loaded default TestExecutionListener class names from location [META-INF/spring.factories]: [org.springframework.boot.test.mock.mockito.MockitoTestExecutionListener, org.springframework.boot.test.mock.mockito.ResetMocksTestExecutionListener, org.springframework.boot.test.autoconfigure.restdocs.RestDocsTestExecutionListener, org.springframework.boot.test.autoconfigure.web.client.MockRestServiceServerResetTestExecutionListener, org.springframework.boot.test.autoconfigure.web.servlet.MockMvcPrintOnlyOnFailureTestExecutionListener, org.springframework.boot.test.autoconfigure.web.servlet.WebDriverTestExecutionListener, org.springframework.boot.test.autoconfigure.webservices.client.MockWebServiceServerTestExecutionListener, org.springframework.test.context.web.ServletTestExecutionListener, org.springframework.test.context.support.DirtiesContextBeforeModesTestExecutionListener, org.springframework.test.context.event.ApplicationEventsTestExecutionListener, org.springframework.test.context.support.DependencyInjectionTestExecutionListener, org.springframework.test.context.support.DirtiesContextTestExecutionListener, org.springframework.test.context.transaction.TransactionalTestExecutionListener, org.springframework.test.context.jdbc.SqlScriptsTestExecutionListener, org.springframework.test.context.event.EventPublishingTestExecutionListener, org.springframework.security.test.context.support.WithSecurityContextTestExecutionListener, org.springframework.security.test.context.support.ReactorContextTestExecutionListener]
2022-04-16 12:34:58.272  INFO 2535 --- [           main] b.t.a.o.j.DataJpaTestContextBootstrapper : Using TestExecutionListeners: [org.springframework.test.context.web.ServletTestExecutionListener@c5dc3db, org.springframework.test.context.support.DirtiesContextBeforeModesTestExecutionListener@2910c3ae, org.springframework.test.context.event.ApplicationEventsTestExecutionListener@2182ebc7, org.springframework.boot.test.mock.mockito.MockitoTestExecutionListener@543895d2, org.springframework.boot.test.autoconfigure.SpringBootDependencyInjectionTestExecutionListener@3699c795, org.springframework.test.context.support.DirtiesContextTestExecutionListener@193b6f5b, org.springframework.test.context.transaction.TransactionalTestExecutionListener@2fd16368, org.springframework.test.context.jdbc.SqlScriptsTestExecutionListener@3fd7f545, org.springframework.test.context.event.EventPublishingTestExecutionListener@470a2845, org.springframework.security.test.context.support.WithSecurityContextTestExecutionListener@589c648, org.springframework.security.test.context.support.ReactorContextTestExecutionListener@21e72fb2, org.springframework.boot.test.mock.mockito.ResetMocksTestExecutionListener@219a9b16, org.springframework.boot.test.autoconfigure.restdocs.RestDocsTestExecutionListener@3744c760, org.springframework.boot.test.autoconfigure.web.client.MockRestServiceServerResetTestExecutionListener@7cb4fc46, org.springframework.boot.test.autoconfigure.web.servlet.MockMvcPrintOnlyOnFailureTestExecutionListener@64b6d6dd, org.springframework.boot.test.autoconfigure.web.servlet.WebDriverTestExecutionListener@1181a376, org.springframework.boot.test.autoconfigure.webservices.client.MockWebServiceServerTestExecutionListener@ef09e1]
2022-04-16 12:34:58.282  INFO 2535 --- [           main] o.s.t.c.transaction.TransactionContext   : Began transaction (1) for test context [DefaultTestContext@2258ca14 testClass = UserTests, testInstance = com.example.demo.model.UserTests@2e5337d8, testMethod = whenFindByUsername_thenReturnUser@UserTests, testException = [null], mergedContextConfiguration = [MergedContextConfiguration@ab40f46 testClass = UserTests, locations = '{}', classes = '{class com.example.demo.SareetaApplication}', contextInitializerClasses = '[]', activeProfiles = '{}', propertySourceLocations = '{}', propertySourceProperties = '{org.springframework.boot.test.autoconfigure.orm.jpa.DataJpaTestContextBootstrapper=true}', contextCustomizers = set[[ImportsContextCustomizer@13ac7281 key = [org.springframework.boot.autoconfigure.cache.CacheAutoConfiguration, org.springframework.boot.autoconfigure.data.jpa.JpaRepositoriesAutoConfiguration, org.springframework.boot.autoconfigure.flyway.FlywayAutoConfiguration, org.springframework.boot.autoconfigure.jdbc.DataSourceAutoConfiguration, org.springframework.boot.autoconfigure.jdbc.DataSourceTransactionManagerAutoConfiguration, org.springframework.boot.autoconfigure.jdbc.JdbcTemplateAutoConfiguration, org.springframework.boot.autoconfigure.liquibase.LiquibaseAutoConfiguration, org.springframework.boot.autoconfigure.orm.jpa.HibernateJpaAutoConfiguration, org.springframework.boot.autoconfigure.sql.init.SqlInitializationAutoConfiguration, org.springframework.boot.autoconfigure.transaction.TransactionAutoConfiguration, org.springframework.boot.test.autoconfigure.jdbc.TestDatabaseAutoConfiguration, org.springframework.boot.test.autoconfigure.orm.jpa.TestEntityManagerAutoConfiguration]], org.springframework.boot.test.context.filter.ExcludeFilterContextCustomizer@42530531, org.springframework.boot.test.json.DuplicateJsonObjectContextCustomizerFactory$DuplicateJsonObjectContextCustomizer@35645047, org.springframework.boot.test.mock.mockito.MockitoContextCustomizer@0, org.springframework.boot.test.autoconfigure.OverrideAutoConfigurationContextCustomizerFactory$DisableAutoConfigurationContextCustomizer@41ebae0e, org.springframework.boot.test.autoconfigure.actuate.metrics.MetricsExportContextCustomizerFactory$DisableMetricExportContextCustomizer@74bf1791, org.springframework.boot.test.autoconfigure.filter.TypeExcludeFiltersContextCustomizer@351584c0, org.springframework.boot.test.autoconfigure.properties.PropertyMappingContextCustomizer@aa692a3f, org.springframework.boot.test.autoconfigure.web.servlet.WebDriverContextCustomizerFactory$Customizer@51fadaff, org.springframework.boot.test.context.SpringBootTestArgs@1, org.springframework.boot.test.context.SpringBootTestWebEnvironment@0], contextLoader = 'org.springframework.boot.test.context.SpringBootContextLoader', parent = [null]], attributes = map['org.springframework.test.context.event.ApplicationEventsTestExecutionListener.recordApplicationEvents' -> false]]; transaction manager [org.springframework.orm.jpa.JpaTransactionManager@676b85f3]; rollback [true]
Hibernate: insert into user (id, cart_id, password, username) values (null, ?, ?, ?)
Hibernate: select user0_.id as id1_3_, user0_.cart_id as cart_id4_3_, user0_.password as password2_3_, user0_.username as username3_3_ from user user0_ where user0_.username=?
2022-04-16 12:34:58.478  INFO 2535 --- [           main] o.s.t.c.transaction.TransactionContext   : Rolled back transaction for test: [DefaultTestContext@2258ca14 testClass = UserTests, testInstance = com.example.demo.model.UserTests@2e5337d8, testMethod = whenFindByUsername_thenReturnUser@UserTests, testException = [null], mergedContextConfiguration = [MergedContextConfiguration@ab40f46 testClass = UserTests, locations = '{}', classes = '{class com.example.demo.SareetaApplication}', contextInitializerClasses = '[]', activeProfiles = '{}', propertySourceLocations = '{}', propertySourceProperties = '{org.springframework.boot.test.autoconfigure.orm.jpa.DataJpaTestContextBootstrapper=true}', contextCustomizers = set[[ImportsContextCustomizer@13ac7281 key = [org.springframework.boot.autoconfigure.cache.CacheAutoConfiguration, org.springframework.boot.autoconfigure.data.jpa.JpaRepositoriesAutoConfiguration, org.springframework.boot.autoconfigure.flyway.FlywayAutoConfiguration, org.springframework.boot.autoconfigure.jdbc.DataSourceAutoConfiguration, org.springframework.boot.autoconfigure.jdbc.DataSourceTransactionManagerAutoConfiguration, org.springframework.boot.autoconfigure.jdbc.JdbcTemplateAutoConfiguration, org.springframework.boot.autoconfigure.liquibase.LiquibaseAutoConfiguration, org.springframework.boot.autoconfigure.orm.jpa.HibernateJpaAutoConfiguration, org.springframework.boot.autoconfigure.sql.init.SqlInitializationAutoConfiguration, org.springframework.boot.autoconfigure.transaction.TransactionAutoConfiguration, org.springframework.boot.test.autoconfigure.jdbc.TestDatabaseAutoConfiguration, org.springframework.boot.test.autoconfigure.orm.jpa.TestEntityManagerAutoConfiguration]], org.springframework.boot.test.context.filter.ExcludeFilterContextCustomizer@42530531, org.springframework.boot.test.json.DuplicateJsonObjectContextCustomizerFactory$DuplicateJsonObjectContextCustomizer@35645047, org.springframework.boot.test.mock.mockito.MockitoContextCustomizer@0, org.springframework.boot.test.autoconfigure.OverrideAutoConfigurationContextCustomizerFactory$DisableAutoConfigurationContextCustomizer@41ebae0e, org.springframework.boot.test.autoconfigure.actuate.metrics.MetricsExportContextCustomizerFactory$DisableMetricExportContextCustomizer@74bf1791, org.springframework.boot.test.autoconfigure.filter.TypeExcludeFiltersContextCustomizer@351584c0, org.springframework.boot.test.autoconfigure.properties.PropertyMappingContextCustomizer@aa692a3f, org.springframework.boot.test.autoconfigure.web.servlet.WebDriverContextCustomizerFactory$Customizer@51fadaff, org.springframework.boot.test.context.SpringBootTestArgs@1, org.springframework.boot.test.context.SpringBootTestWebEnvironment@0], contextLoader = 'org.springframework.boot.test.context.SpringBootContextLoader', parent = [null]], attributes = map['org.springframework.test.context.event.ApplicationEventsTestExecutionListener.recordApplicationEvents' -> false]]
[[1;34mINFO[m] [1;32mTests run: [0;1;32m1[m, Failures: 0, Errors: 0, Skipped: 0, Time elapsed: 0.22 s - in com.example.demo.model.[1mUserTests[m
[[1;34mINFO[m] Running com.example.demo.jwt.[1mJWTBuilderTests[m
[[1;34mINFO[m] [1;32mTests run: [0;1;32m3[m, Failures: 0, Errors: 0, Skipped: 0, Time elapsed: 0.005 s - in com.example.demo.jwt.[1mJWTBuilderTests[m
2022-04-16 12:34:58.509  INFO 2535 --- [ionShutdownHook] j.LocalContainerEntityManagerFactoryBean : Closing JPA EntityManagerFactory for persistence unit 'default'
2022-04-16 12:34:58.514  INFO 2535 --- [ionShutdownHook] com.zaxxer.hikari.HikariDataSource       : HikariPool-1 - Shutdown initiated...
2022-04-16 12:34:58.518  INFO 2535 --- [ionShutdownHook] com.zaxxer.hikari.HikariDataSource       : HikariPool-1 - Shutdown completed.
2022-04-16 12:34:58.523  INFO 2535 --- [ionShutdownHook] j.LocalContainerEntityManagerFactoryBean : Closing JPA EntityManagerFactory for persistence unit 'default'
[[1;34mINFO[m] 
[[1;34mINFO[m] Results:
[[1;34mINFO[m] 
[[1;34mINFO[m] [1;32mTests run: 17, Failures: 0, Errors: 0, Skipped: 0[m
[[1;34mINFO[m] 
[[1;34mINFO[m] 
[[1;34mINFO[m] [1m--- [0;32mmaven-war-plugin:3.3.2:war[m [1m(default-war)[m @ [36mauth-course[0;1m ---[m
[[1;34mINFO[m] Packaging webapp
[[1;34mINFO[m] Assembling webapp [auth-course] in [/var/jenkins_home/workspace/java-web-development/java-web-developer-nd/nd035-c4-Security-and-DevOps-master/starter_code/target/auth-course-0.0.1-SNAPSHOT]
[[1;34mINFO[m] Processing war project
[[1;34mINFO[m] Building war: /var/jenkins_home/workspace/java-web-development/java-web-developer-nd/nd035-c4-Security-and-DevOps-master/starter_code/target/auth-course-0.0.1-SNAPSHOT.war
[[1;34mINFO[m] 
[[1;34mINFO[m] [1m--- [0;32mspring-boot-maven-plugin:2.6.3:repackage[m [1m(repackage)[m @ [36mauth-course[0;1m ---[m
[[1;34mINFO[m] Replacing main artifact with repackaged archive
[[1;34mINFO[m] [1m------------------------------------------------------------------------[m
[[1;34mINFO[m] [1;32mBUILD SUCCESS[m
[[1;34mINFO[m] [1m------------------------------------------------------------------------[m
[[1;34mINFO[m] Total time:  28.043 s
[[1;34mINFO[m] Finished at: 2022-04-16T12:35:03Z
[[1;34mINFO[m] [1m------------------------------------------------------------------------[m
Finished: SUCCESS

